<?xml version="1.0" encoding="UTF-8"?>
<!-- Generated by org.testng.reporters.JUnitReportReporter -->
<testsuite hostname="Ankitas-MacBook-Air.local" failures="0" tests="2" name="com.bStack.Tests.CheckoutTestCase" time="2.393" errors="0" timestamp="2025-10-27T17:26:25 IST" skipped="0">
  <testcase classname="com.bStack.Tests.CheckoutTestCase" name="placeOrder" time="1.834"/>
  <testcase classname="com.bStack.Tests.CheckoutTestCase" name="negativeCheckout" time="0.559"/>
</testsuite> <!-- com.bStack.Tests.CheckoutTestCase -->
