<?xml version="1.0" encoding="UTF-8"?>
<!-- Generated by org.testng.reporters.JUnitReportReporter -->
<testsuite hostname="Ankitas-MacBook-Air.local" failures="0" tests="1" name="com.bStack.Tests.BaseClass" time="0.033" errors="0" timestamp="2025-10-26T00:50:19 IST" skipped="0">
  <testcase classname="com.bStack.Tests.BaseClass" name="f" time="0.033"/>
</testsuite> <!-- com.bStack.Tests.BaseClass -->
