<?xml version="1.0" encoding="UTF-8"?>
<!-- Generated by org.testng.reporters.JUnitReportReporter -->
<testsuite hostname="Ankitas-MacBook-Air.local" failures="0" tests="3" name="com.bStack.Tests.CartPageTestCase" time="3.112" errors="0" timestamp="2025-10-27T17:26:25 IST" skipped="0">
  <testcase classname="com.bStack.Tests.CartPageTestCase" name="addOneProduct" time="0.525"/>
  <testcase classname="com.bStack.Tests.CartPageTestCase" name="addMultipleProducts" time="2.401"/>
  <testcase classname="com.bStack.Tests.CartPageTestCase" name="removeFromCart" time="0.186"/>
</testsuite> <!-- com.bStack.Tests.CartPageTestCase -->
