<?xml version="1.0" encoding="UTF-8"?>
<!-- Generated by org.testng.reporters.JUnitReportReporter -->
<testsuite hostname="Ankitas-MacBook-Air.local" failures="0" tests="5" name="com.bStack.Tests.LoginPageTestCase" time="4.748" errors="0" timestamp="2025-10-27T17:23:22 IST" skipped="0">
  <testcase classname="com.bStack.Tests.LoginPageTestCase" name="loginWithValidCredentials" time="1.116"/>
  <testcase classname="com.bStack.Tests.LoginPageTestCase" name="getAllProductsList" time="0.631"/>
  <testcase classname="com.bStack.Tests.LoginPageTestCase" name="filters" time="0.452"/>
  <testcase classname="com.bStack.Tests.LoginPageTestCase" name="loginWithInvalidCredentials" time="0.617"/>
  <testcase classname="com.bStack.Tests.LoginPageTestCase" name="blankLogin" time="1.932"/>
</testsuite> <!-- com.bStack.Tests.LoginPageTestCase -->
